<?xml version="1.0" encoding="UTF-8"?>
<!-- Generated by org.testng.reporters.JUnitXMLReporter -->
<testsuite ignored="2" hostname="LAPTOP-A4I74VVH" failures="0" tests="1" name="Default test" time="65.817" errors="0" timestamp="2023-12-28T15:04:12 IST">
  <testcase classname="automation.appium.GeneralStoreTest" name="testHybrid" time="50.715"/>
  <testcase classname="automation.appium.GeneralStoreTest" name="generalStoreHomePageTest" time="0.0">
    <ignored/>
  </testcase> <!-- generalStoreHomePageTest -->
  <testcase classname="automation.appium.GeneralStoreTest" name="ToastMsgTest" time="0.0">
    <ignored/>
  </testcase> <!-- ToastMsgTest -->
</testsuite> <!-- Default test -->
