<?xml version="1.0" encoding="UTF-8"?>
<!-- Generated by org.testng.reporters.JUnitXMLReporter -->
<testsuite ignored="1" hostname="LAPTOP-A4I74VVH" failures="0" tests="1" name="Default test" time="28.714" errors="0" timestamp="2023-12-19T18:00:47 IST">
  <testcase classname="automation.appium.GeneralStoreTest" name="ToastMsgTest" time="19.895"/>
  <testcase classname="automation.appium.GeneralStoreTest" name="generalStoreHomePageTest" time="0.0">
    <ignored/>
  </testcase> <!-- generalStoreHomePageTest -->
</testsuite> <!-- Default test -->
