<?xml version="1.0" encoding="UTF-8"?>
<testng-results ignored="0" total="1" passed="1" failed="0" skipped="0">
  <reporter-output>
  </reporter-output>
  <suite started-at="2023-12-18T19:19:57 IST" name="Default suite" finished-at="2023-12-18T19:20:15 IST" duration-ms="18522">
    <groups>
    </groups>
    <test started-at="2023-12-18T19:19:57 IST" name="Default test" finished-at="2023-12-18T19:20:15 IST" duration-ms="18522">
      <class name="automation.appium.LongPress">
        <test-method is-config="true" signature="configureAppium()[pri:0, instance:automation.appium.LongPress@4efac082]" started-at="2023-12-18T19:19:57 IST" name="configureAppium" finished-at="2023-12-18T19:20:04 IST" duration-ms="7722" status="PASS">
          <reporter-output>
          </reporter-output>
        </test-method> <!-- configureAppium -->
        <test-method signature="longpressTest()[pri:0, instance:automation.appium.LongPress@4efac082]" started-at="2023-12-18T19:20:04 IST" name="longpressTest" finished-at="2023-12-18T19:20:14 IST" duration-ms="10164" status="PASS">
          <reporter-output>
          </reporter-output>
        </test-method> <!-- longpressTest -->
        <test-method is-config="true" signature="tearDown()[pri:0, instance:automation.appium.LongPress@4efac082]" started-at="2023-12-18T19:20:14 IST" name="tearDown" finished-at="2023-12-18T19:20:15 IST" duration-ms="574" status="PASS">
          <reporter-output>
          </reporter-output>
        </test-method> <!-- tearDown -->
      </class> <!-- automation.appium.LongPress -->
    </test> <!-- Default test -->
  </suite> <!-- Default suite -->
</testng-results>
